  assets.cpp
  command.cpp
  creature.cpp
  dynamic.cpp
C:\Users\Diniz\Desktop\rpg\rpg\dynamic.cpp(41,23): warning C4244: 'initializing': conversion from 'int' to 'float', possible loss of data
C:\Users\Diniz\Desktop\rpg\rpg\dynamic.cpp(42,24): warning C4244: 'initializing': conversion from 'int' to 'float', possible loss of data
C:\Users\Diniz\Desktop\rpg\rpg\dynamic.cpp(55,206): warning C4244: 'argument': conversion from 'float' to 'int', possible loss of data
C:\Users\Diniz\Desktop\rpg\rpg\dynamic.cpp(63,229): warning C4244: 'argument': conversion from 'float' to 'int', possible loss of data
C:\Users\Diniz\Desktop\rpg\rpg\dynamic.cpp(112,20): warning C4018: '<': signed/unsigned mismatch
C:\Users\Diniz\Desktop\rpg\rpg\dynamic.cpp(128,19): warning C4018: '<': signed/unsigned mismatch
C:\Users\Diniz\Desktop\rpg\rpg\dynamic.cpp(153,14): warning C4244: '=': conversion from 'int' to 'float', possible loss of data
C:\Users\Diniz\Desktop\rpg\rpg\dynamic.cpp(157,10): warning C4244: '=': conversion from 'int' to 'float', possible loss of data
C:\Users\Diniz\Desktop\rpg\rpg\dynamic.cpp(165,14): warning C4244: '=': conversion from 'int' to 'float', possible loss of data
C:\Users\Diniz\Desktop\rpg\rpg\dynamic.cpp(170,10): warning C4244: '=': conversion from 'int' to 'float', possible loss of data
  entity.cpp
  interactive.cpp
  landscape.cpp
  level.cpp
C:\Users\Diniz\Desktop\rpg\rpg\level.cpp(17,20): warning C4018: '<': signed/unsigned mismatch
C:\Users\Diniz\Desktop\rpg\rpg\level.cpp(44,20): warning C4018: '<': signed/unsigned mismatch
C:\Users\Diniz\Desktop\rpg\rpg\level.cpp(99,20): warning C4018: '<': signed/unsigned mismatch
  main.cpp
  maps.cpp
C:\Users\Diniz\Desktop\rpg\rpg\maps.cpp(31,68): warning C4244: 'argument': conversion from 'int' to 'float', possible loss of data
C:\Users\Diniz\Desktop\rpg\rpg\maps.cpp(31,48): warning C4244: 'argument': conversion from 'int' to 'float', possible loss of data
C:\Users\Diniz\Desktop\rpg\rpg\maps.cpp(33,20): warning C4244: 'initializing': conversion from 'double' to 'int', possible loss of data
  scriptProcessor.cpp
  Generating Code...
  rpg2.vcxproj -> C:\Users\Diniz\Desktop\rpg\rpg\Debug\rpg2.exe
